This file contains any messages produced by compilers while
running configure, to aid debugging if configure makes a mistake.

It was created by HTSlib configure 1.5, which was
generated by GNU Autoconf 2.68.  Invocation command line was

  $ ./configure --disable-lzma --disable-bz2 --disable-libcurl

## --------- ##
## Platform. ##
## --------- ##

hostname = ukch-prd-lncn-c-1-293.local
uname -m = x86_64
uname -r = 2.6.32-696.1.1.el6.x86_64
uname -s = Linux
uname -v = #1 SMP Tue Apr 11 17:13:24 UTC 2017

/usr/bin/uname -p = unknown
/bin/uname -X     = unknown

/bin/arch              = x86_64
/usr/bin/arch -k       = unknown
/usr/convex/getsysinfo = unknown
/usr/bin/hostinfo      = unknown
/bin/machine           = unknown
/usr/bin/oslevel       = unknown
/bin/universe          = unknown

PATH: /home/joconnell/google-cloud-sdk/bin
PATH: /illumina/thirdparty/anaconda2/anaconda2-4.3.1/bin
PATH: /home/joconnell/.local/bin/
PATH: /opt/openmpi/bin
PATH: /usr/lib64/qt-3.3/bin
PATH: /bin
PATH: /usr/bin
PATH: /usr/local/sbin
PATH: /usr/sbin
PATH: /sbin
PATH: /opt/ganglia/bin
PATH: /opt/ganglia/sbin
PATH: /usr/java/latest/bin
PATH: /opt/rocks/bin
PATH: /opt/rocks/sbin
PATH: /opt/gridengine/bin/linux-x64
PATH: /home/joconnell/bin


## ----------- ##
## Core tests. ##
## ----------- ##

configure:2135: checking for gcc
configure:2151: found /usr/bin/gcc
configure:2162: result: gcc
configure:2391: checking for C compiler version
configure:2400: gcc --version >&5
gcc (GCC) 4.4.7 20120313 (Red Hat 4.4.7-18)
Copyright (C) 2010 Free Software Foundation, Inc.
This is free software; see the source for copying conditions.  There is NO
warranty; not even for MERCHANTABILITY or FITNESS FOR A PARTICULAR PURPOSE.

configure:2411: $? = 0
configure:2400: gcc -v >&5
Using built-in specs.
Target: x86_64-redhat-linux
Configured with: ../configure --prefix=/usr --mandir=/usr/share/man --infodir=/usr/share/info --with-bugurl=http://bugzilla.redhat.com/bugzilla --enable-bootstrap --enable-shared --enable-threads=posix --enable-checking=release --with-system-zlib --enable-__cxa_atexit --disable-libunwind-exceptions --enable-gnu-unique-object --enable-languages=c,c++,objc,obj-c++,java,fortran,ada --enable-java-awt=gtk --disable-dssi --with-java-home=/usr/lib/jvm/java-1.5.0-gcj-1.5.0.0/jre --enable-libgcj-multifile --enable-java-maintainer-mode --with-ecj-jar=/usr/share/java/eclipse-ecj.jar --disable-libjava-multilib --with-ppl --with-cloog --with-tune=generic --with-arch_32=i686 --build=x86_64-redhat-linux
Thread model: posix
gcc version 4.4.7 20120313 (Red Hat 4.4.7-18) (GCC) 
configure:2411: $? = 0
configure:2400: gcc -V >&5
gcc: '-V' option must have argument
configure:2411: $? = 1
configure:2400: gcc -qversion >&5
gcc: unrecognized option '-qversion'
gcc: no input files
configure:2411: $? = 1
configure:2431: checking whether the C compiler works
configure:2453: gcc    conftest.c  >&5
configure:2457: $? = 0
configure:2505: result: yes
configure:2508: checking for C compiler default output file name
configure:2510: result: a.out
configure:2516: checking for suffix of executables
configure:2523: gcc -o conftest    conftest.c  >&5
configure:2527: $? = 0
configure:2549: result: 
configure:2571: checking whether we are cross compiling
configure:2579: gcc -o conftest    conftest.c  >&5
configure:2583: $? = 0
configure:2590: ./conftest
configure:2594: $? = 0
configure:2609: result: no
configure:2614: checking for suffix of object files
configure:2636: gcc -c   conftest.c >&5
configure:2640: $? = 0
configure:2661: result: o
configure:2665: checking whether we are using the GNU C compiler
configure:2684: gcc -c   conftest.c >&5
configure:2684: $? = 0
configure:2693: result: yes
configure:2702: checking whether gcc accepts -g
configure:2722: gcc -c -g  conftest.c >&5
configure:2722: $? = 0
configure:2763: result: yes
configure:2780: checking for gcc option to accept ISO C89
configure:2844: gcc  -c -g -O2  conftest.c >&5
configure:2844: $? = 0
configure:2857: result: none needed
configure:2920: checking for ranlib
configure:2936: found /usr/bin/ranlib
configure:2947: result: ranlib
configure:3002: checking for special C compiler options needed for large files
configure:3047: result: no
configure:3053: checking for _FILE_OFFSET_BITS value needed for large files
configure:3078: gcc -c -g -O2  conftest.c >&5
configure:3078: $? = 0
configure:3110: result: no
configure:3254: checking shared library type
configure:3274: result: plain .so
configure:3283: checking how to run the C preprocessor
configure:3314: gcc -E  conftest.c
configure:3314: $? = 0
configure:3328: gcc -E  conftest.c
conftest.c:9:28: error: ac_nonexistent.h: No such file or directory
configure:3328: $? = 1
configure: failed program was:
| /* confdefs.h */
| #define PACKAGE_NAME "HTSlib"
| #define PACKAGE_TARNAME "htslib"
| #define PACKAGE_VERSION "1.5"
| #define PACKAGE_STRING "HTSlib 1.5"
| #define PACKAGE_BUGREPORT "samtools-help@lists.sourceforge.net"
| #define PACKAGE_URL "http://www.htslib.org/"
| /* end confdefs.h.  */
| #include <ac_nonexistent.h>
configure:3353: result: gcc -E
configure:3373: gcc -E  conftest.c
configure:3373: $? = 0
configure:3387: gcc -E  conftest.c
conftest.c:9:28: error: ac_nonexistent.h: No such file or directory
configure:3387: $? = 1
configure: failed program was:
| /* confdefs.h */
| #define PACKAGE_NAME "HTSlib"
| #define PACKAGE_TARNAME "htslib"
| #define PACKAGE_VERSION "1.5"
| #define PACKAGE_STRING "HTSlib 1.5"
| #define PACKAGE_BUGREPORT "samtools-help@lists.sourceforge.net"
| #define PACKAGE_URL "http://www.htslib.org/"
| /* end confdefs.h.  */
| #include <ac_nonexistent.h>
configure:3416: checking for grep that handles long lines and -e
configure:3474: result: /bin/grep
configure:3479: checking for egrep
configure:3541: result: /bin/grep -E
configure:3546: checking for ANSI C header files
configure:3566: gcc -c -g -O2  conftest.c >&5
configure:3566: $? = 0
configure:3639: gcc -o conftest -g -O2   conftest.c  >&5
configure:3639: $? = 0
configure:3639: ./conftest
configure:3639: $? = 0
configure:3650: result: yes
configure:3663: checking for sys/types.h
configure:3663: gcc -c -g -O2  conftest.c >&5
configure:3663: $? = 0
configure:3663: result: yes
configure:3663: checking for sys/stat.h
configure:3663: gcc -c -g -O2  conftest.c >&5
configure:3663: $? = 0
configure:3663: result: yes
configure:3663: checking for stdlib.h
configure:3663: gcc -c -g -O2  conftest.c >&5
configure:3663: $? = 0
configure:3663: result: yes
configure:3663: checking for string.h
configure:3663: gcc -c -g -O2  conftest.c >&5
configure:3663: $? = 0
configure:3663: result: yes
configure:3663: checking for memory.h
configure:3663: gcc -c -g -O2  conftest.c >&5
configure:3663: $? = 0
configure:3663: result: yes
configure:3663: checking for strings.h
configure:3663: gcc -c -g -O2  conftest.c >&5
configure:3663: $? = 0
configure:3663: result: yes
configure:3663: checking for inttypes.h
configure:3663: gcc -c -g -O2  conftest.c >&5
configure:3663: $? = 0
configure:3663: result: yes
configure:3663: checking for stdint.h
configure:3663: gcc -c -g -O2  conftest.c >&5
configure:3663: $? = 0
configure:3663: result: yes
configure:3663: checking for unistd.h
configure:3663: gcc -c -g -O2  conftest.c >&5
configure:3663: $? = 0
configure:3663: result: yes
configure:3681: checking for stdlib.h
configure:3681: result: yes
configure:3681: checking for unistd.h
configure:3681: result: yes
configure:3681: checking for sys/param.h
configure:3681: gcc -c -g -O2  conftest.c >&5
configure:3681: $? = 0
configure:3681: result: yes
configure:3701: checking for getpagesize
configure:3701: gcc -o conftest -g -O2   conftest.c  >&5
configure:3701: $? = 0
configure:3701: result: yes
configure:3710: checking for working mmap
configure:3857: gcc -o conftest -g -O2   conftest.c  >&5
configure:3857: $? = 0
configure:3857: ./conftest
configure:3857: $? = 0
configure:3867: result: yes
configure:3878: checking for gmtime_r
configure:3878: gcc -o conftest -g -O2   conftest.c  >&5
configure:3878: $? = 0
configure:3878: result: yes
configure:3890: checking whether fdatasync is declared
configure:3890: gcc -c -g -O2  conftest.c >&5
configure:3890: $? = 0
configure:3890: result: yes
configure:3894: checking for fdatasync
configure:3894: gcc -o conftest -g -O2   conftest.c  >&5
configure:3894: $? = 0
configure:3894: result: yes
configure:3985: checking for library containing log
configure:4016: gcc -o conftest -g -O2   conftest.c  >&5
conftest.c:33: warning: conflicting types for built-in function 'log'
/tmp/ccZEGbvR.o: In function `main':
/home/joconnell/workspace/agg/htslib-1.5/conftest.c:37: undefined reference to `log'
collect2: ld returned 1 exit status
configure:4016: $? = 1
configure: failed program was:
| /* confdefs.h */
| #define PACKAGE_NAME "HTSlib"
| #define PACKAGE_TARNAME "htslib"
| #define PACKAGE_VERSION "1.5"
| #define PACKAGE_STRING "HTSlib 1.5"
| #define PACKAGE_BUGREPORT "samtools-help@lists.sourceforge.net"
| #define PACKAGE_URL "http://www.htslib.org/"
| #define STDC_HEADERS 1
| #define HAVE_SYS_TYPES_H 1
| #define HAVE_SYS_STAT_H 1
| #define HAVE_STDLIB_H 1
| #define HAVE_STRING_H 1
| #define HAVE_MEMORY_H 1
| #define HAVE_STRINGS_H 1
| #define HAVE_INTTYPES_H 1
| #define HAVE_STDINT_H 1
| #define HAVE_UNISTD_H 1
| #define HAVE_STDLIB_H 1
| #define HAVE_UNISTD_H 1
| #define HAVE_SYS_PARAM_H 1
| #define HAVE_GETPAGESIZE 1
| #define HAVE_MMAP 1
| #define HAVE_GMTIME_R 1
| #define HAVE_FDATASYNC 1
| /* end confdefs.h.  */
| 
| /* Override any GCC internal prototype to avoid an error.
|    Use char because int might match the return type of a GCC
|    builtin and then its argument prototype would still apply.  */
| #ifdef __cplusplus
| extern "C"
| #endif
| char log ();
| int
| main ()
| {
| return log ();
|   ;
|   return 0;
| }
configure:4016: gcc -o conftest -g -O2   conftest.c -lm   >&5
conftest.c:33: warning: conflicting types for built-in function 'log'
configure:4016: $? = 0
configure:4033: result: -lm
configure:4048: checking for zlib.h
configure:4048: gcc -c -g -O2  conftest.c >&5
configure:4048: $? = 0
configure:4048: result: yes
configure:4057: checking for inflate in -lz
configure:4082: gcc -o conftest -g -O2   conftest.c -lz  -lm  >&5
configure:4082: $? = 0
configure:4091: result: yes
configure:4118: checking for library containing connect
configure:4149: gcc -o conftest -g -O2   conftest.c -lz -lm  >&5
configure:4149: $? = 0
configure:4166: result: none required
configure:4452: WARNING: GCS support not enabled: requires libcurl support
configure:4471: WARNING: S3 support not enabled: requires libcurl support
configure:4576: checking whether PTHREAD_MUTEX_RECURSIVE is declared
configure:4576: gcc -c -g -O2  conftest.c >&5
configure:4576: $? = 0
configure:4576: result: yes
configure:4716: creating ./config.status

## ---------------------- ##
## Running config.status. ##
## ---------------------- ##

This file was extended by HTSlib config.status 1.5, which was
generated by GNU Autoconf 2.68.  Invocation command line was

  CONFIG_FILES    = 
  CONFIG_HEADERS  = 
  CONFIG_LINKS    = 
  CONFIG_COMMANDS = 
  $ ./config.status 

on ukch-prd-lncn-c-1-293.local

config.status:833: creating config.mk
config.status:833: creating htslib.pc.tmp
config.status:833: creating config.h

## ---------------- ##
## Cache variables. ##
## ---------------- ##

ac_cv_c_compiler_gnu=yes
ac_cv_env_CC_set=
ac_cv_env_CC_value=
ac_cv_env_CFLAGS_set=
ac_cv_env_CFLAGS_value=
ac_cv_env_CPPFLAGS_set=
ac_cv_env_CPPFLAGS_value=
ac_cv_env_CPP_set=
ac_cv_env_CPP_value=
ac_cv_env_LDFLAGS_set=
ac_cv_env_LDFLAGS_value=
ac_cv_env_LIBS_set=
ac_cv_env_LIBS_value=
ac_cv_env_build_alias_set=
ac_cv_env_build_alias_value=
ac_cv_env_host_alias_set=
ac_cv_env_host_alias_value=
ac_cv_env_target_alias_set=
ac_cv_env_target_alias_value=
ac_cv_func_fdatasync=yes
ac_cv_func_getpagesize=yes
ac_cv_func_gmtime_r=yes
ac_cv_func_mmap_fixed_mapped=yes
ac_cv_have_decl_PTHREAD_MUTEX_RECURSIVE=yes
ac_cv_have_decl_fdatasync_int_=yes
ac_cv_header_inttypes_h=yes
ac_cv_header_memory_h=yes
ac_cv_header_stdc=yes
ac_cv_header_stdint_h=yes
ac_cv_header_stdlib_h=yes
ac_cv_header_string_h=yes
ac_cv_header_strings_h=yes
ac_cv_header_sys_param_h=yes
ac_cv_header_sys_stat_h=yes
ac_cv_header_sys_types_h=yes
ac_cv_header_unistd_h=yes
ac_cv_header_zlib_h=yes
ac_cv_lib_z_inflate=yes
ac_cv_objext=o
ac_cv_path_EGREP='/bin/grep -E'
ac_cv_path_GREP=/bin/grep
ac_cv_prog_CPP='gcc -E'
ac_cv_prog_ac_ct_CC=gcc
ac_cv_prog_ac_ct_RANLIB=ranlib
ac_cv_prog_cc_c89=
ac_cv_prog_cc_g=yes
ac_cv_search_connect='none required'
ac_cv_search_log=-lm
ac_cv_sys_file_offset_bits=no
ac_cv_sys_largefile_CC=no

## ----------------- ##
## Output variables. ##
## ----------------- ##

CC='gcc'
CFLAGS='-g -O2'
CPP='gcc -E'
CPPFLAGS=''
CRYPTO_LIBS=''
DEFS='-DHAVE_CONFIG_H'
ECHO_C=''
ECHO_N='-n'
ECHO_T=''
EGREP='/bin/grep -E'
EXEEXT=''
GREP='/bin/grep'
LDFLAGS=''
LIBOBJS=''
LIBS='-lz -lm '
LTLIBOBJS=''
OBJEXT='o'
PACKAGE_BUGREPORT='samtools-help@lists.sourceforge.net'
PACKAGE_NAME='HTSlib'
PACKAGE_STRING='HTSlib 1.5'
PACKAGE_TARNAME='htslib'
PACKAGE_URL='http://www.htslib.org/'
PACKAGE_VERSION='1.5'
PATH_SEPARATOR=':'
PLATFORM='default'
PLUGIN_EXT='.so'
RANLIB='ranlib'
SHELL='/bin/sh'
ac_ct_CC='gcc'
bindir='${exec_prefix}/bin'
build_alias=''
datadir='${datarootdir}'
datarootdir='${prefix}/share'
docdir='${datarootdir}/doc/${PACKAGE_TARNAME}'
dvidir='${docdir}'
enable_plugins='no'
exec_prefix='${prefix}'
gcs='disabled'
host_alias='unknown-Linux'
htmldir='${docdir}'
includedir='${prefix}/include'
infodir='${datarootdir}/info'
libcurl='disabled'
libdir='${exec_prefix}/lib'
libexecdir='${exec_prefix}/libexec'
localedir='${datarootdir}/locale'
localstatedir='${prefix}/var'
mandir='${datarootdir}/man'
oldincludedir='/usr/include'
pc_requires=''
pdfdir='${docdir}'
plugindir='$(libexecdir)/htslib'
pluginpath='$(libexecdir)/htslib'
prefix='/usr/local'
private_LIBS=''
program_transform_name='s,x,x,'
psdir='${docdir}'
s3='disabled'
sbindir='${exec_prefix}/sbin'
sharedstatedir='${prefix}/com'
static_LDFLAGS=''
static_LIBS='-lz -lm'
sysconfdir='${prefix}/etc'
target_alias=''

## ----------- ##
## confdefs.h. ##
## ----------- ##

/* confdefs.h */
#define PACKAGE_NAME "HTSlib"
#define PACKAGE_TARNAME "htslib"
#define PACKAGE_VERSION "1.5"
#define PACKAGE_STRING "HTSlib 1.5"
#define PACKAGE_BUGREPORT "samtools-help@lists.sourceforge.net"
#define PACKAGE_URL "http://www.htslib.org/"
#define STDC_HEADERS 1
#define HAVE_SYS_TYPES_H 1
#define HAVE_SYS_STAT_H 1
#define HAVE_STDLIB_H 1
#define HAVE_STRING_H 1
#define HAVE_MEMORY_H 1
#define HAVE_STRINGS_H 1
#define HAVE_INTTYPES_H 1
#define HAVE_STDINT_H 1
#define HAVE_UNISTD_H 1
#define HAVE_STDLIB_H 1
#define HAVE_UNISTD_H 1
#define HAVE_SYS_PARAM_H 1
#define HAVE_GETPAGESIZE 1
#define HAVE_MMAP 1
#define HAVE_GMTIME_R 1
#define HAVE_FDATASYNC 1
#define HAVE_LIBZ 1

configure: exit 0
